{"/home/apollo/Documents/projects/encurtador/shrt_link_backend/src/data-source.ts": {"path":"/home/apollo/Documents/projects/encurtador/shrt_link_backend/src/data-source.ts","statementMap":{"0":{"start":{"line":1,"column":0},"end":{"line":1,"column":26}},"1":{"start":{"line":2,"column":0},"end":{"line":2,"column":37}},"2":{"start":{"line":3,"column":0},"end":{"line":3,"column":28}},"3":{"start":{"line":4,"column":0},"end":{"line":4,"column":52}},"4":{"start":{"line":5,"column":0},"end":{"line":5,"column":50}},"5":{"start":{"line":6,"column":0},"end":{"line":6,"column":49}},"6":{"start":{"line":8,"column":0},"end":{"line":8,"column":16}},"7":{"start":{"line":10,"column":13},"end":{"line":22,"column":3}}},"fnMap":{},"branchMap":{"0":{"loc":{"start":{"line":13,"column":14},"end":{"line":13,"column":47}},"type":"binary-expr","locations":[{"start":{"line":13,"column":14},"end":{"line":13,"column":39}},{"start":{"line":13,"column":43},"end":{"line":13,"column":47}}]}},"s":{"0":1,"1":1,"2":1,"3":1,"4":1,"5":1,"6":1,"7":1},"f":{},"b":{"0":[1,0]}}
,"/home/apollo/Documents/projects/encurtador/shrt_link_backend/src/modules/auth/auth.controller.ts": {"path":"/home/apollo/Documents/projects/encurtador/shrt_link_backend/src/modules/auth/auth.controller.ts","statementMap":{"0":{"start":{"line":2,"column":0},"end":{"line":2,"column":47}},"1":{"start":{"line":4,"column":0},"end":{"line":4,"column":59}},"2":{"start":{"line":5,"column":0},"end":{"line":5,"column":47}},"3":{"start":{"line":9,"column":0},"end":{"line":9,"column":13}},"4":{"start":{"line":11,"column":14},"end":{"line":35,"column":null}},"5":{"start":{"line":15,"column":8},"end":{"line":15,"column":39}},"6":{"start":{"line":17,"column":18},"end":{"line":17,"column":null}},"7":{"start":{"line":17,"column":9},"end":{"line":17,"column":null}},"8":{"start":{"line":19,"column":3},"end":{"line":23,"column":5}},"9":{"start":{"line":24,"column":3},"end":{"line":28,"column":5}},"10":{"start":{"line":29,"column":3},"end":{"line":29,"column":20}},"11":{"start":{"line":30,"column":3},"end":{"line":30,"column":10}},"12":{"start":{"line":32,"column":3},"end":{"line":32,"column":49}},"13":{"start":{"line":33,"column":3},"end":{"line":33,"column":10}},"14":{"start":{"line":37,"column":14},"end":{"line":62,"column":null}},"15":{"start":{"line":41,"column":8},"end":{"line":41,"column":48}},"16":{"start":{"line":43,"column":18},"end":{"line":43,"column":null}},"17":{"start":{"line":43,"column":9},"end":{"line":43,"column":null}},"18":{"start":{"line":45,"column":3},"end":{"line":49,"column":5}},"19":{"start":{"line":50,"column":3},"end":{"line":54,"column":5}},"20":{"start":{"line":56,"column":3},"end":{"line":56,"column":24}},"21":{"start":{"line":57,"column":3},"end":{"line":57,"column":10}},"22":{"start":{"line":59,"column":3},"end":{"line":59,"column":49}},"23":{"start":{"line":60,"column":3},"end":{"line":60,"column":10}},"24":{"start":{"line":64,"column":14},"end":{"line":88,"column":null}},"25":{"start":{"line":68,"column":8},"end":{"line":68,"column":48}},"26":{"start":{"line":71,"column":3},"end":{"line":71,"column":47}},"27":{"start":{"line":73,"column":3},"end":{"line":76,"column":5}},"28":{"start":{"line":77,"column":3},"end":{"line":80,"column":5}},"29":{"start":{"line":82,"column":3},"end":{"line":82,"column":24}},"30":{"start":{"line":83,"column":3},"end":{"line":83,"column":10}},"31":{"start":{"line":85,"column":3},"end":{"line":85,"column":49}},"32":{"start":{"line":86,"column":3},"end":{"line":86,"column":10}},"33":{"start":{"line":10,"column":16},"end":{"line":10,"column":36}},"34":{"start":{"line":89,"column":0},"end":{"line":89,"column":null}},"35":{"start":{"line":9,"column":13},"end":{"line":9,"column":27}}},"fnMap":{"0":{"name":"(anonymous_13)","decl":{"start":{"line":9,"column":0},"end":{"line":9,"column":13}},"loc":{"start":{"line":9,"column":0},"end":{"line":9,"column":13}}},"1":{"name":"(anonymous_15)","decl":{"start":{"line":11,"column":1},"end":{"line":11,"column":14}},"loc":{"start":{"line":13,"column":16},"end":{"line":35,"column":null}}},"2":{"name":"(anonymous_18)","decl":{"start":{"line":37,"column":1},"end":{"line":37,"column":14}},"loc":{"start":{"line":39,"column":16},"end":{"line":62,"column":null}}},"3":{"name":"(anonymous_21)","decl":{"start":{"line":64,"column":1},"end":{"line":64,"column":14}},"loc":{"start":{"line":66,"column":16},"end":{"line":88,"column":null}}}},"branchMap":{},"s":{"0":1,"1":1,"2":1,"3":1,"4":1,"5":1,"6":1,"7":1,"8":1,"9":1,"10":1,"11":1,"12":0,"13":0,"14":1,"15":0,"16":0,"17":0,"18":0,"19":0,"20":0,"21":0,"22":0,"23":0,"24":1,"25":0,"26":0,"27":0,"28":0,"29":0,"30":0,"31":0,"32":0,"33":1,"34":1,"35":1},"f":{"0":1,"1":1,"2":0,"3":0},"b":{}}
,"/home/apollo/Documents/projects/encurtador/shrt_link_backend/src/modules/auth/auth.cookies.ts": {"path":"/home/apollo/Documents/projects/encurtador/shrt_link_backend/src/modules/auth/auth.cookies.ts","statementMap":{"0":{"start":{"line":3,"column":13},"end":{"line":25,"column":2}}},"fnMap":{},"branchMap":{},"s":{"0":1},"f":{},"b":{}}
,"/home/apollo/Documents/projects/encurtador/shrt_link_backend/src/modules/auth/auth.entity.ts": {"path":"/home/apollo/Documents/projects/encurtador/shrt_link_backend/src/modules/auth/auth.entity.ts","statementMap":{"0":{"start":{"line":1,"column":0},"end":{"line":1,"column":66}},"1":{"start":{"line":2,"column":0},"end":{"line":2,"column":45}},"2":{"start":{"line":5,"column":0},"end":{"line":5,"column":13}},"3":{"start":{"line":7,"column":1},"end":{"line":7,"column":null}},"4":{"start":{"line":10,"column":1},"end":{"line":10,"column":null}},"5":{"start":{"line":9,"column":21},"end":{"line":9,"column":27}},"6":{"start":{"line":9,"column":37},"end":{"line":9,"column":46}},"7":{"start":{"line":5,"column":13},"end":{"line":11,"column":null}},"8":{"start":{"line":11,"column":0},"end":{"line":11,"column":null}},"9":{"start":{"line":5,"column":13},"end":{"line":5,"column":17}}},"fnMap":{"0":{"name":"(anonymous_2)","decl":{"start":{"line":5,"column":0},"end":{"line":5,"column":13}},"loc":{"start":{"line":5,"column":0},"end":{"line":5,"column":13}}},"1":{"name":"(anonymous_4)","decl":{"start":{"line":9,"column":11},"end":{"line":9,"column":12}},"loc":{"start":{"line":9,"column":16},"end":{"line":9,"column":25}}},"2":{"name":"(anonymous_5)","decl":{"start":{"line":9,"column":27},"end":{"line":9,"column":28}},"loc":{"start":{"line":9,"column":32},"end":{"line":9,"column":41}}}},"branchMap":{},"s":{"0":1,"1":1,"2":1,"3":1,"4":1,"5":1,"6":1,"7":1,"8":1,"9":1},"f":{"0":2,"1":1,"2":1},"b":{}}
,"/home/apollo/Documents/projects/encurtador/shrt_link_backend/src/modules/auth/auth.errors.ts": {"path":"/home/apollo/Documents/projects/encurtador/shrt_link_backend/src/modules/auth/auth.errors.ts","statementMap":{"0":{"start":{"line":3,"column":13},"end":{"line":59,"column":2}}},"fnMap":{},"branchMap":{},"s":{"0":1},"f":{},"b":{}}
,"/home/apollo/Documents/projects/encurtador/shrt_link_backend/src/modules/auth/auth.repository.ts": {"path":"/home/apollo/Documents/projects/encurtador/shrt_link_backend/src/modules/auth/auth.repository.ts","statementMap":{"0":{"start":{"line":2,"column":0},"end":{"line":2,"column":37}},"1":{"start":{"line":4,"column":0},"end":{"line":4,"column":50}},"2":{"start":{"line":5,"column":0},"end":{"line":5,"column":59}},"3":{"start":{"line":6,"column":0},"end":{"line":6,"column":43}},"4":{"start":{"line":7,"column":0},"end":{"line":7,"column":49}},"5":{"start":{"line":9,"column":0},"end":{"line":9,"column":39}},"6":{"start":{"line":10,"column":0},"end":{"line":10,"column":57}},"7":{"start":{"line":12,"column":13},"end":{"line":94,"column":3}},"8":{"start":{"line":17,"column":17},"end":{"line":22,"column":null}},"9":{"start":{"line":17,"column":8},"end":{"line":22,"column":null}},"10":{"start":{"line":24,"column":2},"end":{"line":27,"column":null}},"11":{"start":{"line":26,"column":3},"end":{"line":26,"column":37}},"12":{"start":{"line":32,"column":21},"end":{"line":32,"column":67}},"13":{"start":{"line":32,"column":3},"end":{"line":32,"column":67}},"14":{"start":{"line":35,"column":3},"end":{"line":38,"column":5}},"15":{"start":{"line":40,"column":6},"end":{"line":40,"column":21}},"16":{"start":{"line":42,"column":9},"end":{"line":42,"column":67}},"17":{"start":{"line":43,"column":9},"end":{"line":43,"column":63}},"18":{"start":{"line":45,"column":3},"end":{"line":45,"column":63}},"19":{"start":{"line":47,"column":3},"end":{"line":47,"column":38}},"20":{"start":{"line":50,"column":2},"end":{"line":50,"column":41}},"21":{"start":{"line":53,"column":22},"end":{"line":57,"column":null}},"22":{"start":{"line":53,"column":8},"end":{"line":57,"column":null}},"23":{"start":{"line":59,"column":2},"end":{"line":61,"column":null}},"24":{"start":{"line":60,"column":3},"end":{"line":60,"column":44}},"25":{"start":{"line":64,"column":18},"end":{"line":64,"column":57}},"26":{"start":{"line":64,"column":3},"end":{"line":64,"column":57}},"27":{"start":{"line":66,"column":3},"end":{"line":66,"column":66}},"28":{"start":{"line":67,"column":3},"end":{"line":67,"column":43}},"29":{"start":{"line":70,"column":8},"end":{"line":73,"column":4}},"30":{"start":{"line":75,"column":2},"end":{"line":75,"column":40}},"31":{"start":{"line":81,"column":8},"end":{"line":81,"column":58}},"32":{"start":{"line":83,"column":9},"end":{"line":87,"column":5}},"33":{"start":{"line":83,"column":2},"end":{"line":87,"column":5}},"34":{"start":{"line":90,"column":2},"end":{"line":90,"column":70}},"35":{"start":{"line":92,"column":9},"end":{"line":92,"column":49}},"36":{"start":{"line":92,"column":2},"end":{"line":92,"column":49}}},"fnMap":{"0":{"name":"(anonymous_15)","decl":{"start":{"line":13,"column":1},"end":{"line":13,"column":7}},"loc":{"start":{"line":15,"column":23},"end":{"line":51,"column":null}}},"1":{"name":"(anonymous_18)","decl":{"start":{"line":52,"column":1},"end":{"line":52,"column":7}},"loc":{"start":{"line":52,"column":63},"end":{"line":76,"column":null}}},"2":{"name":"(anonymous_21)","decl":{"start":{"line":77,"column":1},"end":{"line":77,"column":7}},"loc":{"start":{"line":79,"column":21},"end":{"line":88,"column":null}}},"3":{"name":"(anonymous_24)","decl":{"start":{"line":89,"column":1},"end":{"line":89,"column":7}},"loc":{"start":{"line":89,"column":55},"end":{"line":93,"column":null}}}},"branchMap":{"0":{"loc":{"start":{"line":17,"column":17},"end":{"line":22,"column":null}},"type":"switch","locations":[{"start":{"line":17,"column":17},"end":{"line":22,"column":null}},{"start":{"line":50,"column":2},"end":{"line":50,"column":41}}]},"1":{"loc":{"start":{"line":24,"column":2},"end":{"line":27,"column":null}},"type":"if","locations":[{"start":{"line":24,"column":2},"end":{"line":27,"column":null}}]},"2":{"loc":{"start":{"line":40,"column":6},"end":{"line":40,"column":21}},"type":"if","locations":[{"start":{"line":40,"column":6},"end":{"line":40,"column":21}}]},"3":{"loc":{"start":{"line":53,"column":22},"end":{"line":57,"column":null}},"type":"switch","locations":[{"start":{"line":53,"column":22},"end":{"line":57,"column":null}}]},"4":{"loc":{"start":{"line":59,"column":2},"end":{"line":61,"column":null}},"type":"if","locations":[{"start":{"line":59,"column":2},"end":{"line":61,"column":null}}]},"5":{"loc":{"start":{"line":83,"column":2},"end":{"line":87,"column":5}},"type":"switch","locations":[{"start":{"line":83,"column":2},"end":{"line":87,"column":5}}]},"6":{"loc":{"start":{"line":81,"column":17},"end":{"line":81,"column":57}},"type":"cond-expr","locations":[{"start":{"line":81,"column":43},"end":{"line":81,"column":47}},{"start":{"line":81,"column":50},"end":{"line":81,"column":57}}]},"7":{"loc":{"start":{"line":90,"column":2},"end":{"line":90,"column":70}},"type":"switch","locations":[{"start":{"line":90,"column":2},"end":{"line":90,"column":70}},{"start":{"line":92,"column":2},"end":{"line":92,"column":49}}]}},"s":{"0":1,"1":1,"2":1,"3":1,"4":1,"5":1,"6":1,"7":1,"8":1,"9":1,"10":1,"11":0,"12":1,"13":1,"14":0,"15":1,"16":1,"17":1,"18":2,"19":1,"20":0,"21":1,"22":1,"23":1,"24":0,"25":1,"26":1,"27":0,"28":0,"29":1,"30":2,"31":0,"32":0,"33":0,"34":0,"35":0,"36":0},"f":{"0":1,"1":1,"2":0,"3":0},"b":{"0":[1,0],"1":[0],"2":[0],"3":[1],"4":[0],"5":[0],"6":[0,0],"7":[0,0]}}
,"/home/apollo/Documents/projects/encurtador/shrt_link_backend/src/modules/auth/auth.services.ts": {"path":"/home/apollo/Documents/projects/encurtador/shrt_link_backend/src/modules/auth/auth.services.ts","statementMap":{"0":{"start":{"line":1,"column":0},"end":{"line":1,"column":56}},"1":{"start":{"line":2,"column":0},"end":{"line":2,"column":54}},"2":{"start":{"line":4,"column":0},"end":{"line":4,"column":51}},"3":{"start":{"line":7,"column":0},"end":{"line":7,"column":13}},"4":{"start":{"line":8,"column":14},"end":{"line":21,"column":null}},"5":{"start":{"line":13,"column":10},"end":{"line":13,"column":54}},"6":{"start":{"line":13,"column":3},"end":{"line":13,"column":54}},"7":{"start":{"line":15,"column":3},"end":{"line":17,"column":null}},"8":{"start":{"line":16,"column":4},"end":{"line":16,"column":14}},"9":{"start":{"line":19,"column":3},"end":{"line":19,"column":40}},"10":{"start":{"line":23,"column":14},"end":{"line":42,"column":null}},"11":{"start":{"line":28,"column":3},"end":{"line":28,"column":43}},"12":{"start":{"line":29,"column":18},"end":{"line":32,"column":null}},"13":{"start":{"line":29,"column":9},"end":{"line":32,"column":null}},"14":{"start":{"line":33,"column":3},"end":{"line":33,"column":17}},"15":{"start":{"line":35,"column":3},"end":{"line":35,"column":28}},"16":{"start":{"line":36,"column":3},"end":{"line":38,"column":null}},"17":{"start":{"line":37,"column":4},"end":{"line":37,"column":14}},"18":{"start":{"line":40,"column":3},"end":{"line":40,"column":40}},"19":{"start":{"line":43,"column":14},"end":{"line":53,"column":null}},"20":{"start":{"line":45,"column":10},"end":{"line":45,"column":56}},"21":{"start":{"line":45,"column":3},"end":{"line":45,"column":56}},"22":{"start":{"line":47,"column":3},"end":{"line":49,"column":null}},"23":{"start":{"line":48,"column":4},"end":{"line":48,"column":14}},"24":{"start":{"line":51,"column":3},"end":{"line":51,"column":40}},"25":{"start":{"line":55,"column":14},"end":{"line":68,"column":null}},"26":{"start":{"line":57,"column":19},"end":{"line":57,"column":null}},"27":{"start":{"line":57,"column":9},"end":{"line":57,"column":null}},"28":{"start":{"line":58,"column":3},"end":{"line":60,"column":null}},"29":{"start":{"line":59,"column":4},"end":{"line":59,"column":41}},"30":{"start":{"line":62,"column":3},"end":{"line":64,"column":null}},"31":{"start":{"line":63,"column":4},"end":{"line":63,"column":14}},"32":{"start":{"line":66,"column":3},"end":{"line":66,"column":40}},"33":{"start":{"line":69,"column":0},"end":{"line":69,"column":null}},"34":{"start":{"line":7,"column":13},"end":{"line":7,"column":25}}},"fnMap":{"0":{"name":"(anonymous_13)","decl":{"start":{"line":7,"column":0},"end":{"line":7,"column":13}},"loc":{"start":{"line":7,"column":0},"end":{"line":69,"column":null}}},"1":{"name":"(anonymous_15)","decl":{"start":{"line":8,"column":1},"end":{"line":8,"column":14}},"loc":{"start":{"line":8,"column":52},"end":{"line":21,"column":null}}},"2":{"name":"(anonymous_18)","decl":{"start":{"line":23,"column":1},"end":{"line":23,"column":14}},"loc":{"start":{"line":23,"column":46},"end":{"line":42,"column":null}}},"3":{"name":"(anonymous_21)","decl":{"start":{"line":43,"column":1},"end":{"line":43,"column":14}},"loc":{"start":{"line":43,"column":52},"end":{"line":53,"column":null}}},"4":{"name":"(anonymous_24)","decl":{"start":{"line":55,"column":1},"end":{"line":55,"column":14}},"loc":{"start":{"line":55,"column":38},"end":{"line":68,"column":null}}}},"branchMap":{"0":{"loc":{"start":{"line":13,"column":3},"end":{"line":13,"column":54}},"type":"switch","locations":[{"start":{"line":13,"column":3},"end":{"line":13,"column":54}}]},"1":{"loc":{"start":{"line":15,"column":3},"end":{"line":17,"column":null}},"type":"if","locations":[{"start":{"line":15,"column":3},"end":{"line":17,"column":null}}]},"2":{"loc":{"start":{"line":36,"column":3},"end":{"line":38,"column":null}},"type":"if","locations":[{"start":{"line":36,"column":3},"end":{"line":38,"column":null}}]},"3":{"loc":{"start":{"line":45,"column":3},"end":{"line":45,"column":56}},"type":"switch","locations":[{"start":{"line":45,"column":3},"end":{"line":45,"column":56}}]},"4":{"loc":{"start":{"line":47,"column":3},"end":{"line":49,"column":null}},"type":"if","locations":[{"start":{"line":47,"column":3},"end":{"line":49,"column":null}}]},"5":{"loc":{"start":{"line":58,"column":3},"end":{"line":60,"column":null}},"type":"if","locations":[{"start":{"line":58,"column":3},"end":{"line":60,"column":null}}]},"6":{"loc":{"start":{"line":62,"column":3},"end":{"line":64,"column":null}},"type":"if","locations":[{"start":{"line":62,"column":3},"end":{"line":64,"column":null}}]}},"s":{"0":1,"1":1,"2":1,"3":1,"4":1,"5":0,"6":0,"7":0,"8":0,"9":0,"10":1,"11":2,"12":1,"13":1,"14":1,"15":0,"16":0,"17":0,"18":0,"19":1,"20":0,"21":0,"22":0,"23":0,"24":0,"25":1,"26":0,"27":0,"28":0,"29":0,"30":0,"31":0,"32":0,"33":1,"34":1},"f":{"0":1,"1":0,"2":1,"3":0,"4":0},"b":{"0":[0],"1":[0],"2":[0],"3":[0],"4":[0],"5":[0],"6":[0]}}
,"/home/apollo/Documents/projects/encurtador/shrt_link_backend/src/modules/common/common.constants.ts": {"path":"/home/apollo/Documents/projects/encurtador/shrt_link_backend/src/modules/common/common.constants.ts","statementMap":{"0":{"start":{"line":1,"column":13},"end":{"line":1,"column":30}}},"fnMap":{},"branchMap":{},"s":{"0":1},"f":{},"b":{}}
,"/home/apollo/Documents/projects/encurtador/shrt_link_backend/src/modules/common/common.errors.ts": {"path":"/home/apollo/Documents/projects/encurtador/shrt_link_backend/src/modules/common/common.errors.ts","statementMap":{"0":{"start":{"line":3,"column":13},"end":{"line":14,"column":2}}},"fnMap":{},"branchMap":{},"s":{"0":1},"f":{},"b":{}}
,"/home/apollo/Documents/projects/encurtador/shrt_link_backend/src/modules/common/common.jwt.ts": {"path":"/home/apollo/Documents/projects/encurtador/shrt_link_backend/src/modules/common/common.jwt.ts","statementMap":{"0":{"start":{"line":1,"column":0},"end":{"line":1,"column":47}},"1":{"start":{"line":2,"column":0},"end":{"line":2,"column":28}},"2":{"start":{"line":4,"column":0},"end":{"line":4,"column":16}},"3":{"start":{"line":6,"column":0},"end":{"line":6,"column":13}},"4":{"start":{"line":7,"column":8},"end":{"line":11,"column":null}},"5":{"start":{"line":8,"column":2},"end":{"line":10,"column":5}},"6":{"start":{"line":12,"column":8},"end":{"line":14,"column":null}},"7":{"start":{"line":13,"column":2},"end":{"line":13,"column":60}},"8":{"start":{"line":15,"column":8},"end":{"line":34,"column":null}},"9":{"start":{"line":16,"column":2},"end":{"line":33,"column":null}},"10":{"start":{"line":18,"column":4},"end":{"line":24,"column":19}},"11":{"start":{"line":26,"column":4},"end":{"line":32,"column":12}},"12":{"start":{"line":35,"column":0},"end":{"line":35,"column":null}},"13":{"start":{"line":6,"column":13},"end":{"line":6,"column":22}}},"fnMap":{"0":{"name":"(anonymous_1)","decl":{"start":{"line":6,"column":0},"end":{"line":6,"column":13}},"loc":{"start":{"line":6,"column":0},"end":{"line":35,"column":null}}},"1":{"name":"(anonymous_3)","decl":{"start":{"line":7,"column":1},"end":{"line":7,"column":8}},"loc":{"start":{"line":7,"column":46},"end":{"line":11,"column":2}}},"2":{"name":"(anonymous_4)","decl":{"start":{"line":12,"column":1},"end":{"line":12,"column":8}},"loc":{"start":{"line":12,"column":42},"end":{"line":14,"column":2}}},"3":{"name":"(anonymous_5)","decl":{"start":{"line":15,"column":1},"end":{"line":15,"column":8}},"loc":{"start":{"line":15,"column":59},"end":{"line":34,"column":2}}}},"branchMap":{"0":{"loc":{"start":{"line":16,"column":2},"end":{"line":33,"column":null}},"type":"switch","locations":[{"start":{"line":17,"column":3},"end":{"line":24,"column":19}},{"start":{"line":25,"column":3},"end":{"line":32,"column":12}}]}},"s":{"0":1,"1":1,"2":1,"3":1,"4":1,"5":1,"6":1,"7":1,"8":1,"9":0,"10":0,"11":0,"12":1,"13":1},"f":{"0":1,"1":1,"2":1,"3":0},"b":{"0":[0,0]}}
,"/home/apollo/Documents/projects/encurtador/shrt_link_backend/src/modules/common/common.utils.ts": {"path":"/home/apollo/Documents/projects/encurtador/shrt_link_backend/src/modules/common/common.utils.ts","statementMap":{"0":{"start":{"line":3,"column":0},"end":{"line":3,"column":48}},"1":{"start":{"line":4,"column":0},"end":{"line":4,"column":30}},"2":{"start":{"line":7,"column":1},"end":{"line":14,"column":3}},"3":{"start":{"line":6,"column":0},"end":{"line":6,"column":16}},"4":{"start":{"line":18,"column":20},"end":{"line":18,"column":76}},"5":{"start":{"line":19,"column":1},"end":{"line":19,"column":18}},"6":{"start":{"line":21,"column":1},"end":{"line":24,"column":4}},"7":{"start":{"line":17,"column":0},"end":{"line":17,"column":16}}},"fnMap":{"0":{"name":"isErrorEntry","decl":{"start":{"line":6,"column":16},"end":{"line":6,"column":28}},"loc":{"start":{"line":6,"column":37},"end":{"line":15,"column":1}}},"1":{"name":"sendErrorResponse","decl":{"start":{"line":17,"column":16},"end":{"line":17,"column":33}},"loc":{"start":{"line":17,"column":72},"end":{"line":25,"column":1}}}},"branchMap":{"0":{"loc":{"start":{"line":8,"column":2},"end":{"line":13,"column":36}},"type":"binary-expr","locations":[{"start":{"line":8,"column":2},"end":{"line":8,"column":5}},{"start":{"line":9,"column":2},"end":{"line":9,"column":25}},{"start":{"line":10,"column":2},"end":{"line":10,"column":30}},{"start":{"line":11,"column":2},"end":{"line":11,"column":33}},{"start":{"line":12,"column":2},"end":{"line":12,"column":47}},{"start":{"line":13,"column":2},"end":{"line":13,"column":36}}]},"1":{"loc":{"start":{"line":12,"column":4},"end":{"line":12,"column":46}},"type":"binary-expr","locations":[{"start":{"line":12,"column":4},"end":{"line":12,"column":13}},{"start":{"line":12,"column":17},"end":{"line":12,"column":46}}]},"2":{"loc":{"start":{"line":18,"column":20},"end":{"line":18,"column":76}},"type":"cond-expr","locations":[{"start":{"line":18,"column":40},"end":{"line":18,"column":43}},{"start":{"line":18,"column":46},"end":{"line":18,"column":76}}]}},"s":{"0":1,"1":1,"2":0,"3":1,"4":0,"5":0,"6":0,"7":1},"f":{"0":0,"1":0},"b":{"0":[0,0,0,0,0,0],"1":[0,0],"2":[0,0]}}
,"/home/apollo/Documents/projects/encurtador/shrt_link_backend/src/modules/urls/urls.entity.ts": {"path":"/home/apollo/Documents/projects/encurtador/shrt_link_backend/src/modules/urls/urls.entity.ts","statementMap":{"0":{"start":{"line":1,"column":0},"end":{"line":1,"column":null}},"1":{"start":{"line":9,"column":0},"end":{"line":9,"column":45}},"2":{"start":{"line":10,"column":0},"end":{"line":10,"column":45}},"3":{"start":{"line":13,"column":0},"end":{"line":13,"column":13}},"4":{"start":{"line":28,"column":1},"end":{"line":30,"column":null}},"5":{"start":{"line":29,"column":2},"end":{"line":29,"column":29}},"6":{"start":{"line":33,"column":1},"end":{"line":35,"column":null}},"7":{"start":{"line":34,"column":2},"end":{"line":34,"column":33}},"8":{"start":{"line":15,"column":1},"end":{"line":15,"column":null}},"9":{"start":{"line":18,"column":1},"end":{"line":18,"column":null}},"10":{"start":{"line":22,"column":1},"end":{"line":22,"column":null}},"11":{"start":{"line":21,"column":22},"end":{"line":21,"column":28}},"12":{"start":{"line":21,"column":44},"end":{"line":21,"column":53}},"13":{"start":{"line":25,"column":1},"end":{"line":25,"column":null}},"14":{"start":{"line":13,"column":13},"end":{"line":36,"column":null}},"15":{"start":{"line":36,"column":0},"end":{"line":36,"column":null}},"16":{"start":{"line":13,"column":13},"end":{"line":13,"column":16}}},"fnMap":{"0":{"name":"(anonymous_2)","decl":{"start":{"line":13,"column":0},"end":{"line":13,"column":13}},"loc":{"start":{"line":13,"column":0},"end":{"line":13,"column":13}}},"1":{"name":"(anonymous_4)","decl":{"start":{"line":28,"column":1},"end":{"line":28,"column":14}},"loc":{"start":{"line":28,"column":1},"end":{"line":30,"column":2}}},"2":{"name":"(anonymous_5)","decl":{"start":{"line":33,"column":1},"end":{"line":33,"column":21}},"loc":{"start":{"line":33,"column":1},"end":{"line":35,"column":2}}},"3":{"name":"(anonymous_6)","decl":{"start":{"line":21,"column":12},"end":{"line":21,"column":13}},"loc":{"start":{"line":21,"column":17},"end":{"line":21,"column":26}}},"4":{"name":"(anonymous_7)","decl":{"start":{"line":21,"column":28},"end":{"line":21,"column":29}},"loc":{"start":{"line":21,"column":39},"end":{"line":21,"column":48}}}},"branchMap":{},"s":{"0":1,"1":1,"2":1,"3":1,"4":2,"5":0,"6":2,"7":0,"8":1,"9":1,"10":1,"11":1,"12":1,"13":1,"14":1,"15":1,"16":1},"f":{"0":2,"1":0,"2":0,"3":1,"4":1},"b":{}}
,"/home/apollo/Documents/projects/encurtador/shrt_link_backend/src/modules/urls/urls.utils.ts": {"path":"/home/apollo/Documents/projects/encurtador/shrt_link_backend/src/modules/urls/urls.utils.ts","statementMap":{"0":{"start":{"line":2,"column":10},"end":{"line":2,"column":12}},"1":{"start":{"line":3,"column":1},"end":{"line":24,"column":null}},"2":{"start":{"line":3,"column":14},"end":{"line":3,"column":15}},"3":{"start":{"line":4,"column":14},"end":{"line":4,"column":43}},"4":{"start":{"line":5,"column":2},"end":{"line":23,"column":null}},"5":{"start":{"line":7,"column":4},"end":{"line":11,"column":6}},"6":{"start":{"line":12,"column":4},"end":{"line":12,"column":10}},"7":{"start":{"line":14,"column":4},"end":{"line":18,"column":6}},"8":{"start":{"line":19,"column":4},"end":{"line":19,"column":10}},"9":{"start":{"line":21,"column":4},"end":{"line":21,"column":54}},"10":{"start":{"line":22,"column":4},"end":{"line":22,"column":10}},"11":{"start":{"line":25,"column":1},"end":{"line":25,"column":20}},"12":{"start":{"line":1,"column":0},"end":{"line":1,"column":16}}},"fnMap":{"0":{"name":"generateUrlId","decl":{"start":{"line":1,"column":16},"end":{"line":1,"column":29}},"loc":{"start":{"line":1,"column":45},"end":{"line":26,"column":1}}}},"branchMap":{"0":{"loc":{"start":{"line":5,"column":2},"end":{"line":23,"column":null}},"type":"switch","locations":[{"start":{"line":6,"column":3},"end":{"line":12,"column":10}},{"start":{"line":13,"column":3},"end":{"line":19,"column":10}},{"start":{"line":20,"column":3},"end":{"line":22,"column":10}}]}},"s":{"0":0,"1":0,"2":0,"3":0,"4":0,"5":0,"6":0,"7":0,"8":0,"9":0,"10":0,"11":0,"12":1},"f":{"0":0},"b":{"0":[0,0,0]}}
,"/home/apollo/Documents/projects/encurtador/shrt_link_backend/src/modules/users/users.entity.ts": {"path":"/home/apollo/Documents/projects/encurtador/shrt_link_backend/src/modules/users/users.entity.ts","statementMap":{"0":{"start":{"line":1,"column":0},"end":{"line":1,"column":null}},"1":{"start":{"line":8,"column":0},"end":{"line":8,"column":42}},"2":{"start":{"line":11,"column":0},"end":{"line":11,"column":13}},"3":{"start":{"line":13,"column":1},"end":{"line":13,"column":null}},"4":{"start":{"line":16,"column":1},"end":{"line":16,"column":null}},"5":{"start":{"line":19,"column":1},"end":{"line":19,"column":null}},"6":{"start":{"line":22,"column":1},"end":{"line":22,"column":null}},"7":{"start":{"line":27,"column":1},"end":{"line":27,"column":null}},"8":{"start":{"line":30,"column":1},"end":{"line":30,"column":null}},"9":{"start":{"line":29,"column":39},"end":{"line":29,"column":60}},"10":{"start":{"line":33,"column":1},"end":{"line":33,"column":null}},"11":{"start":{"line":32,"column":22},"end":{"line":32,"column":27}},"12":{"start":{"line":32,"column":36},"end":{"line":32,"column":40}},"13":{"start":{"line":11,"column":13},"end":{"line":34,"column":null}},"14":{"start":{"line":34,"column":0},"end":{"line":34,"column":null}},"15":{"start":{"line":11,"column":13},"end":{"line":11,"column":17}}},"fnMap":{"0":{"name":"(anonymous_2)","decl":{"start":{"line":11,"column":0},"end":{"line":11,"column":13}},"loc":{"start":{"line":11,"column":0},"end":{"line":11,"column":13}}},"1":{"name":"(anonymous_4)","decl":{"start":{"line":29,"column":33},"end":{"line":29,"column":39}},"loc":{"start":{"line":29,"column":33},"end":{"line":29,"column":58}}},"2":{"name":"(anonymous_5)","decl":{"start":{"line":32,"column":12},"end":{"line":32,"column":13}},"loc":{"start":{"line":32,"column":17},"end":{"line":32,"column":25}}},"3":{"name":"(anonymous_6)","decl":{"start":{"line":32,"column":27},"end":{"line":32,"column":28}},"loc":{"start":{"line":32,"column":31},"end":{"line":32,"column":39}}}},"branchMap":{},"s":{"0":1,"1":1,"2":1,"3":1,"4":1,"5":1,"6":1,"7":1,"8":1,"9":1,"10":1,"11":1,"12":1,"13":1,"14":1,"15":1},"f":{"0":3,"1":1,"2":1,"3":1},"b":{}}
,"/home/apollo/Documents/projects/encurtador/shrt_link_backend/src/modules/users/users.errors.ts": {"path":"/home/apollo/Documents/projects/encurtador/shrt_link_backend/src/modules/users/users.errors.ts","statementMap":{"0":{"start":{"line":3,"column":13},"end":{"line":9,"column":2}}},"fnMap":{},"branchMap":{},"s":{"0":1},"f":{},"b":{}}
,"/home/apollo/Documents/projects/encurtador/shrt_link_backend/src/modules/users/users.repository.ts": {"path":"/home/apollo/Documents/projects/encurtador/shrt_link_backend/src/modules/users/users.repository.ts","statementMap":{"0":{"start":{"line":1,"column":0},"end":{"line":1,"column":38}},"1":{"start":{"line":2,"column":0},"end":{"line":2,"column":50}},"2":{"start":{"line":4,"column":0},"end":{"line":4,"column":45}},"3":{"start":{"line":6,"column":13},"end":{"line":30,"column":3}},"4":{"start":{"line":8,"column":9},"end":{"line":8,"column":65}},"5":{"start":{"line":8,"column":2},"end":{"line":8,"column":65}},"6":{"start":{"line":11,"column":9},"end":{"line":11,"column":66}},"7":{"start":{"line":11,"column":2},"end":{"line":11,"column":66}},"8":{"start":{"line":14,"column":2},"end":{"line":14,"column":24}},"9":{"start":{"line":17,"column":2},"end":{"line":17,"column":72}},"10":{"start":{"line":20,"column":17},"end":{"line":24,"column":null}},"11":{"start":{"line":20,"column":8},"end":{"line":24,"column":null}},"12":{"start":{"line":25,"column":2},"end":{"line":27,"column":null}},"13":{"start":{"line":26,"column":3},"end":{"line":26,"column":39}},"14":{"start":{"line":28,"column":2},"end":{"line":28,"column":68}}},"fnMap":{"0":{"name":"(anonymous_13)","decl":{"start":{"line":7,"column":1},"end":{"line":7,"column":7}},"loc":{"start":{"line":7,"column":49},"end":{"line":9,"column":null}}},"1":{"name":"(anonymous_16)","decl":{"start":{"line":10,"column":1},"end":{"line":10,"column":7}},"loc":{"start":{"line":10,"column":52},"end":{"line":12,"column":null}}},"2":{"name":"(anonymous_19)","decl":{"start":{"line":13,"column":1},"end":{"line":13,"column":7}},"loc":{"start":{"line":13,"column":58},"end":{"line":15,"column":null}}},"3":{"name":"(anonymous_22)","decl":{"start":{"line":16,"column":1},"end":{"line":16,"column":7}},"loc":{"start":{"line":16,"column":73},"end":{"line":18,"column":null}}},"4":{"name":"(anonymous_25)","decl":{"start":{"line":19,"column":1},"end":{"line":19,"column":7}},"loc":{"start":{"line":19,"column":52},"end":{"line":29,"column":null}}}},"branchMap":{"0":{"loc":{"start":{"line":8,"column":9},"end":{"line":8,"column":65}},"type":"switch","locations":[{"start":{"line":8,"column":9},"end":{"line":8,"column":65}},{"start":{"line":8,"column":2},"end":{"line":8,"column":65}}]},"1":{"loc":{"start":{"line":11,"column":9},"end":{"line":11,"column":66}},"type":"switch","locations":[{"start":{"line":11,"column":9},"end":{"line":11,"column":66}},{"start":{"line":11,"column":2},"end":{"line":11,"column":66}}]},"2":{"loc":{"start":{"line":14,"column":2},"end":{"line":14,"column":24}},"type":"switch","locations":[{"start":{"line":14,"column":2},"end":{"line":14,"column":24}}]},"3":{"loc":{"start":{"line":17,"column":2},"end":{"line":17,"column":72}},"type":"switch","locations":[{"start":{"line":17,"column":2},"end":{"line":17,"column":72}}]},"4":{"loc":{"start":{"line":20,"column":17},"end":{"line":24,"column":null}},"type":"switch","locations":[{"start":{"line":20,"column":17},"end":{"line":24,"column":null}}]},"5":{"loc":{"start":{"line":25,"column":2},"end":{"line":27,"column":null}},"type":"if","locations":[{"start":{"line":25,"column":2},"end":{"line":27,"column":null}}]}},"s":{"0":1,"1":1,"2":1,"3":1,"4":0,"5":0,"6":0,"7":0,"8":0,"9":0,"10":0,"11":0,"12":0,"13":0,"14":0},"f":{"0":0,"1":0,"2":0,"3":0,"4":0},"b":{"0":[0,0],"1":[0,0],"2":[0],"3":[0],"4":[0],"5":[0]}}
}
