TN:
SF:src/data-source.ts
FNF:0
FNH:0
DA:1,1
DA:2,1
DA:3,1
DA:4,1
DA:5,1
DA:6,1
DA:8,1
DA:10,1
LF:8
LH:8
BRDA:13,0,0,1
BRDA:13,0,1,0
BRF:2
BRH:1
end_of_record
TN:
SF:src/modules/auth/auth.controller.ts
FN:9,(anonymous_13)
FN:11,(anonymous_15)
FN:37,(anonymous_18)
FN:64,(anonymous_21)
FNF:4
FNH:2
FNDA:1,(anonymous_13)
FNDA:1,(anonymous_15)
FNDA:0,(anonymous_18)
FNDA:0,(anonymous_21)
DA:2,1
DA:4,1
DA:5,1
DA:9,1
DA:10,1
DA:11,1
DA:15,1
DA:17,1
DA:19,1
DA:24,1
DA:29,1
DA:30,1
DA:32,0
DA:33,0
DA:37,1
DA:41,0
DA:43,0
DA:45,0
DA:50,0
DA:56,0
DA:57,0
DA:59,0
DA:60,0
DA:64,1
DA:68,0
DA:71,0
DA:73,0
DA:77,0
DA:82,0
DA:83,0
DA:85,0
DA:86,0
DA:89,1
LF:33
LH:15
BRF:0
BRH:0
end_of_record
TN:
SF:src/modules/auth/auth.cookies.ts
FNF:0
FNH:0
DA:3,1
LF:1
LH:1
BRF:0
BRH:0
end_of_record
TN:
SF:src/modules/auth/auth.entity.ts
FN:5,(anonymous_2)
FN:9,(anonymous_4)
FN:9,(anonymous_5)
FNF:3
FNH:3
FNDA:2,(anonymous_2)
FNDA:1,(anonymous_4)
FNDA:1,(anonymous_5)
DA:1,1
DA:2,1
DA:5,1
DA:7,1
DA:9,1
DA:10,1
DA:11,1
LF:7
LH:7
BRF:0
BRH:0
end_of_record
TN:
SF:src/modules/auth/auth.errors.ts
FNF:0
FNH:0
DA:3,1
LF:1
LH:1
BRF:0
BRH:0
end_of_record
TN:
SF:src/modules/auth/auth.repository.ts
FN:13,(anonymous_15)
FN:52,(anonymous_18)
FN:77,(anonymous_21)
FN:89,(anonymous_24)
FNF:4
FNH:2
FNDA:1,(anonymous_15)
FNDA:1,(anonymous_18)
FNDA:0,(anonymous_21)
FNDA:0,(anonymous_24)
DA:2,1
DA:4,1
DA:5,1
DA:6,1
DA:7,1
DA:9,1
DA:10,1
DA:12,1
DA:17,1
DA:24,1
DA:26,0
DA:32,1
DA:35,0
DA:40,1
DA:42,1
DA:43,1
DA:45,2
DA:47,1
DA:50,0
DA:53,1
DA:59,1
DA:60,0
DA:64,1
DA:66,0
DA:67,0
DA:70,1
DA:75,2
DA:81,0
DA:83,0
DA:90,0
DA:92,0
LF:31
LH:21
BRDA:17,0,0,1
BRDA:17,0,1,0
BRDA:24,1,0,0
BRDA:40,2,0,0
BRDA:53,3,0,1
BRDA:59,4,0,0
BRDA:83,5,0,0
BRDA:81,6,0,0
BRDA:81,6,1,0
BRDA:90,7,0,0
BRDA:90,7,1,0
BRF:11
BRH:2
end_of_record
TN:
SF:src/modules/auth/auth.services.ts
FN:7,(anonymous_13)
FN:8,(anonymous_15)
FN:23,(anonymous_18)
FN:43,(anonymous_21)
FN:55,(anonymous_24)
FNF:5
FNH:2
FNDA:1,(anonymous_13)
FNDA:0,(anonymous_15)
FNDA:1,(anonymous_18)
FNDA:0,(anonymous_21)
FNDA:0,(anonymous_24)
DA:1,1
DA:2,1
DA:4,1
DA:7,1
DA:8,1
DA:13,0
DA:15,0
DA:16,0
DA:19,0
DA:23,1
DA:28,2
DA:29,1
DA:33,1
DA:35,0
DA:36,0
DA:37,0
DA:40,0
DA:43,1
DA:45,0
DA:47,0
DA:48,0
DA:51,0
DA:55,1
DA:57,0
DA:58,0
DA:59,0
DA:62,0
DA:63,0
DA:66,0
DA:69,1
LF:30
LH:12
BRDA:13,0,0,0
BRDA:15,1,0,0
BRDA:36,2,0,0
BRDA:45,3,0,0
BRDA:47,4,0,0
BRDA:58,5,0,0
BRDA:62,6,0,0
BRF:7
BRH:0
end_of_record
TN:
SF:src/modules/common/common.constants.ts
FNF:0
FNH:0
DA:1,1
LF:1
LH:1
BRF:0
BRH:0
end_of_record
TN:
SF:src/modules/common/common.errors.ts
FNF:0
FNH:0
DA:3,1
LF:1
LH:1
BRF:0
BRH:0
end_of_record
TN:
SF:src/modules/common/common.jwt.ts
FN:6,(anonymous_1)
FN:7,(anonymous_3)
FN:12,(anonymous_4)
FN:15,(anonymous_5)
FNF:4
FNH:3
FNDA:1,(anonymous_1)
FNDA:1,(anonymous_3)
FNDA:1,(anonymous_4)
FNDA:0,(anonymous_5)
DA:1,1
DA:2,1
DA:4,1
DA:6,1
DA:7,1
DA:8,1
DA:12,1
DA:13,1
DA:15,1
DA:16,0
DA:18,0
DA:26,0
DA:35,1
LF:13
LH:10
BRDA:16,0,0,0
BRDA:16,0,1,0
BRF:2
BRH:0
end_of_record
TN:
SF:src/modules/common/common.utils.ts
FN:6,isErrorEntry
FN:17,sendErrorResponse
FNF:2
FNH:0
FNDA:0,isErrorEntry
FNDA:0,sendErrorResponse
DA:3,1
DA:4,1
DA:6,1
DA:7,0
DA:17,1
DA:18,0
DA:19,0
DA:21,0
LF:8
LH:4
BRDA:8,0,0,0
BRDA:8,0,1,0
BRDA:8,0,2,0
BRDA:8,0,3,0
BRDA:8,0,4,0
BRDA:8,0,5,0
BRDA:12,1,0,0
BRDA:12,1,1,0
BRDA:18,2,0,0
BRDA:18,2,1,0
BRF:10
BRH:0
end_of_record
TN:
SF:src/modules/urls/urls.entity.ts
FN:13,(anonymous_2)
FN:28,(anonymous_4)
FN:33,(anonymous_5)
FN:21,(anonymous_6)
FN:21,(anonymous_7)
FNF:5
FNH:3
FNDA:2,(anonymous_2)
FNDA:0,(anonymous_4)
FNDA:0,(anonymous_5)
FNDA:1,(anonymous_6)
FNDA:1,(anonymous_7)
DA:1,1
DA:9,1
DA:10,1
DA:13,1
DA:15,1
DA:18,1
DA:21,1
DA:22,1
DA:25,1
DA:28,2
DA:29,0
DA:33,2
DA:34,0
DA:36,1
LF:14
LH:12
BRF:0
BRH:0
end_of_record
TN:
SF:src/modules/urls/urls.utils.ts
FN:1,generateUrlId
FNF:1
FNH:0
FNDA:0,generateUrlId
DA:1,1
DA:2,0
DA:3,0
DA:4,0
DA:5,0
DA:7,0
DA:12,0
DA:14,0
DA:19,0
DA:21,0
DA:22,0
DA:25,0
LF:12
LH:1
BRDA:5,0,0,0
BRDA:5,0,1,0
BRDA:5,0,2,0
BRF:3
BRH:0
end_of_record
TN:
SF:src/modules/users/users.entity.ts
FN:11,(anonymous_2)
FN:29,(anonymous_4)
FN:32,(anonymous_5)
FN:32,(anonymous_6)
FNF:4
FNH:4
FNDA:3,(anonymous_2)
FNDA:1,(anonymous_4)
FNDA:1,(anonymous_5)
FNDA:1,(anonymous_6)
DA:1,1
DA:8,1
DA:11,1
DA:13,1
DA:16,1
DA:19,1
DA:22,1
DA:27,1
DA:29,1
DA:30,1
DA:32,1
DA:33,1
DA:34,1
LF:13
LH:13
BRF:0
BRH:0
end_of_record
TN:
SF:src/modules/users/users.errors.ts
FNF:0
FNH:0
DA:3,1
LF:1
LH:1
BRF:0
BRH:0
end_of_record
TN:
SF:src/modules/users/users.repository.ts
FN:7,(anonymous_13)
FN:10,(anonymous_16)
FN:13,(anonymous_19)
FN:16,(anonymous_22)
FN:19,(anonymous_25)
FNF:5
FNH:0
FNDA:0,(anonymous_13)
FNDA:0,(anonymous_16)
FNDA:0,(anonymous_19)
FNDA:0,(anonymous_22)
FNDA:0,(anonymous_25)
DA:1,1
DA:2,1
DA:4,1
DA:6,1
DA:8,0
DA:11,0
DA:14,0
DA:17,0
DA:20,0
DA:25,0
DA:26,0
DA:28,0
LF:12
LH:4
BRDA:8,0,0,0
BRDA:8,0,1,0
BRDA:11,1,0,0
BRDA:11,1,1,0
BRDA:14,2,0,0
BRDA:17,3,0,0
BRDA:20,4,0,0
BRDA:25,5,0,0
BRF:8
BRH:0
end_of_record
